       0                  258.947
       1                  303.848
       2                  302.539
       3                  306.905
       4                  315.953
       5                  332.726
       6                  312.840
       7                  310.888
       8                  314.364
       9                  323.043
      10                  339.525
      11                  315.422
      12                  322.757
      13                  316.468
      14                  324.736
      15                  327.493
      16                  334.659
      17                  336.374
      18                  326.765
      19                  318.409
      20                  332.645
      21                  342.773
      22                  313.999
      23                  339.494
      24                  337.631
      25                  322.247
      26                  319.826
      27                  321.776
      28                  314.645
      29                  324.742
      30                  327.085
      31                  312.364
      32                  323.153
      33                  310.450
      34                  309.596
      35                  317.149
      36                  325.706
      37                  323.396
      38                  325.832
      39                  337.517
      40                  333.018
      41                  324.496
      42                  321.239
      43                  317.866
      44                  317.513
      45                  309.677
      46                  321.655
      47                  337.569
      48                  339.408
      49                  331.434
      50                  330.982
      51                  320.823
      52                  311.420
      53                  327.943
      54                  324.273
      55                  312.073
      56                  327.862
      57                  322.198
      58                  328.932
      59                  308.357
      60                  313.670
      61                  323.197
      62                  330.622
      63                  327.264
      64                  335.006
      65                  359.986
      66                  360.128
      67                  354.409
      68                  330.480
      69                  310.344
      70                  324.084
      71                  310.401
      72                  319.037
      73                  312.344
      74                  334.931
      75                  323.819
      76                  318.137
      77                  339.351
      78                  351.347
      79                  338.353
      80                  329.884
      81                  319.287
      82                  336.826
      83                  327.517
      84                  321.281
      85                  324.617
      86                  330.029
      87                  314.464
      88                  325.664
      89                  323.755
      90                  329.511
      91                  301.183
      92                  304.462
      93                  316.756
      94                  320.686
      95                  315.351
      96                  326.916
      97                  340.731
      98                  322.862
      99                  323.871
     100                  344.593
     101                  340.511
     102                  344.322
     103                  342.943
     104                  330.164
     105                  323.062
     106                  324.127
     107                  336.379
     108                  336.357
     109                  359.275
     110                  335.671
     111                  340.410
     112                  331.165
     113                  306.910
     114                  321.746
     115                  331.269
     116                  330.989
     117                  330.822
     118                  326.530
     119                  307.708
     120                  329.648
     121                  350.104
     122                  355.561
     123                  332.153
     124                  341.820
     125                  320.602
     126                  301.064
     127                  326.727
     128                  317.186
     129                  322.227
     130                  336.815
     131                  348.431
     132                  334.854
     133                  329.174
     134                  322.754
     135                  308.292
     136                  312.668
     137                  299.964
     138                  316.819
     139                  324.804
     140                  341.445
     141                  330.825
     142                  338.923
     143                  319.274
     144                  313.945
     145                  320.030
     146                  321.249
     147                  330.056
     148                  312.404
     149                  307.243
     150                  310.342
     151                  312.656
     152                  323.047
     153                  320.309
     154                  325.858
     155                  307.648
     156                  319.191
     157                  317.061
     158                  321.728
     159                  306.566
     160                  312.873
     161                  332.386
     162                  334.508
     163                  323.022
     164                  340.998
     165                  353.858
     166                  335.683
     167                  336.076
     168                  324.905
     169                  323.667
     170                  323.779
     171                  326.923
     172                  334.666
     173                  330.081
     174                  331.840
     175                  328.390
     176                  345.603
     177                  323.768
     178                  346.518
     179                  329.569
     180                  320.996
     181                  328.888
     182                  325.529
     183                  347.134
     184                  342.278
     185                  323.710
     186                  329.614
     187                  334.270
     188                  344.820
     189                  340.689
     190                  321.866
     191                  343.312
     192                  334.311
     193                  334.840
     194                  318.323
     195                  306.639
     196                  339.335
     197                  330.903
     198                  306.522
     199                  313.770
     200                  326.332
     201                  307.201
     202                  331.347
     203                  323.075
     204                  306.876
     205                  308.227
     206                  324.515
     207                  323.101
     208                  319.019
     209                  330.557
     210                  317.591
     211                  344.573
     212                  329.191
     213                  332.088
     214                  337.698
     215                  334.878
     216                  338.412
     217                  337.391
     218                  335.072
     219                  306.760
     220                  314.856
     221                  324.350
     222                  320.935
     223                  317.891
     224                  319.328
     225                  325.049
     226                  312.135
     227                  327.959
     228                  324.589
     229                  326.809
     230                  315.681
     231                  314.480
     232                  322.032
     233                  334.542
     234                  334.986
     235                  335.143
     236                  333.982
     237                  315.521
     238                  319.275
     239                  304.175
     240                  310.865
     241                  309.808
     242                  305.824
     243                  318.635
     244                  336.048
     245                  327.311
     246                  315.232
     247                  311.269
     248                  322.837
     249                  321.218
     250                  320.330
     251                  311.163
     252                  310.837
     253                  326.075
     254                  328.605
     255                  331.729
     256                  344.014
     257                  341.283
     258                  348.422
     259                  329.459
     260                  336.037
     261                  322.806
     262                  327.076
     263                  304.709
     264                  296.180
     265                  293.281
     266                  308.551
     267                  321.791
     268                  313.621
     269                  320.922
     270                  333.662
     271                  322.417
     272                  323.655
     273                  324.362
     274                  316.486
     275                  339.105
     276                  321.190
     277                  303.449
     278                  333.310
     279                  343.543
     280                  341.474
     281                  333.353
     282                  328.529
     283                  344.952
     284                  329.124
     285                  343.490
     286                  331.374
     287                  336.226
     288                  340.371
     289                  327.460
     290                  331.230
     291                  328.992
     292                  308.212
     293                  318.644
     294                  330.759
     295                  342.854
     296                  355.783
     297                  345.181
     298                  332.169
     299                  356.015
     300                  336.734
     301                  349.211
     302                  337.436
     303                  326.264
     304                  310.849
     305                  321.989
     306                  333.105
     307                  330.824
     308                  316.780
     309                  304.900
     310                  290.733
     311                  315.957
     312                  316.298
     313                  327.040
     314                  344.772
     315                  332.764
     316                  295.128
     317                  306.602
     318                  311.450
     319                  329.889
     320                  339.522
     321                  339.330
     322                  335.982
     323                  333.229
     324                  348.885
     325                  330.773
     326                  341.608
     327                  339.320
     328                  336.523
     329                  314.868
     330                  331.502
     331                  338.476
     332                  347.964
     333                  344.308
     334                  321.238
     335                  327.787
     336                  344.289
     337                  345.727
     338                  348.935
     339                  341.258
     340                  339.548
     341                  326.674
     342                  326.643
     343                  343.529
     344                  358.915
     345                  349.281
     346                  339.389
     347                  332.412
     348                  321.664
     349                  335.937
     350                  328.817
     351                  317.261
     352                  326.713
     353                  330.074
     354                  348.726
     355                  337.618
     356                  339.783
     357                  315.729
     358                  319.430
     359                  325.861
     360                  317.060
     361                  320.124
     362                  338.233
     363                  335.733
     364                  325.992
     365                  310.724
     366                  313.895
     367                  327.727
     368                  335.725
     369                  318.340
     370                  307.832
     371                  326.711
     372                  339.368
     373                  351.784
     374                  346.814
     375                  347.334
     376                  347.515
     377                  345.449
     378                  335.207
     379                  358.692
     380                  353.979
     381                  349.410
     382                  347.796
     383                  353.790
     384                  367.771
     385                  342.549
     386                  322.008
     387                  329.865
     388                  325.856
     389                  328.320
     390                  313.358
     391                  308.279
     392                  292.620
     393                  319.808
     394                  309.056
     395                  312.193
     396                  318.389
     397                  311.628
     398                  319.347
     399                  304.964
     400                  305.658
     401                  322.763
     402                  316.798
     403                  332.539
     404                  331.379
     405                  332.672
     406                  328.951
     407                  331.888
     408                  326.955
     409                  305.036
     410                  328.421
     411                  339.111
     412                  327.485
     413                  319.937
     414                  300.052
     415                  328.887
     416                  337.067
     417                  323.828
     418                  326.762
     419                  324.317
     420                  343.883
     421                  328.364
     422                  324.965
     423                  318.449
     424                  321.986
     425                  324.243
     426                  297.054
     427                  323.919
     428                  351.577
     429                  322.719
     430                  316.744
     431                  318.732
     432                  315.448
     433                  312.393
     434                  342.644
     435                  344.109
     436                  346.562
     437                  324.161
     438                  338.817
     439                  374.138
     440                  346.821
     441                  311.271
     442                  316.222
     443                  314.098
     444                  328.868
     445                  310.968
     446                  307.576
     447                  336.986
     448                  310.505
     449                  326.587
     450                  334.530
     451                  324.709
     452                  315.873
     453                  328.819
     454                  325.622
     455                  331.263
     456                  336.199
     457                  354.389
     458                  337.931
     459                  332.313
     460                  337.729
     461                  335.619
     462                  342.352
     463                  332.607
     464                  327.971
     465                  330.168
     466                  336.524
     467                  322.924
     468                  313.732
     469                  331.330
     470                  317.194
     471                  344.810
     472                  354.050
     473                  338.149
     474                  349.089
     475                  343.748
     476                  339.416
     477                  322.840
     478                  298.823
     479                  315.908
     480                  331.035
     481                  326.939
     482                  315.801
     483                  326.522
     484                  336.750
     485                  340.532
     486                  325.043
     487                  313.492
     488                  329.491
     489                  322.520
     490                  335.974
     491                  306.691
     492                  316.523
     493                  337.262
     494                  354.343
     495                  356.335
     496                  342.338
     497                  331.963
     498                  327.647
     499                  337.463
     500                  319.646
     501                  306.858
     502                  323.567
     503                  331.400
     504                  321.394
     505                  310.367
     506                  316.167
     507                  313.210
     508                  313.844
     509                  309.939
     510                  340.510
     511                  329.689
     512                  328.511
     513                  339.228
     514                  329.063
     515                  328.391
     516                  324.971
     517                  348.513
     518                  359.588
     519                  333.239
     520                  321.410
     521                  343.356
     522                  331.620
     523                  338.315
     524                  344.859
     525                  351.998
     526                  339.050
     527                  334.517
     528                  317.574
     529                  334.586
     530                  322.555
     531                  323.175
     532                  326.003
     533                  351.966
     534                  347.992
     535                  333.819
     536                  326.008
     537                  318.396
     538                  316.742
     539                  317.953
     540                  331.917
     541                  309.687
     542                  351.096
     543                  325.812
     544                  339.877
     545                  336.010
     546                  339.052
     547                  319.164
     548                  314.106
     549                  313.890
     550                  312.529
     551                  328.408
     552                  313.121
     553                  324.326
     554                  331.416
     555                  334.984
     556                  315.442
     557                  317.197
     558                  340.181
     559                  341.283
     560                  343.810
     561                  319.815
     562                  331.650
     563                  312.454
     564                  313.919
     565                  314.534
     566                  316.870
     567                  318.260
     568                  346.237
     569                  314.373
     570                  337.808
     571                  338.500
     572                  349.431
     573                  338.066
     574                  327.592
     575                  320.867
     576                  342.129
     577                  354.708
     578                  337.428
     579                  343.168
     580                  335.925
     581                  337.660
     582                  340.118
     583                  325.339
     584                  309.618
     585                  321.598
     586                  325.027
     587                  326.586
     588                  336.333
     589                  317.732
     590                  339.696
     591                  327.806
     592                  311.304
     593                  314.920
     594                  324.994
     595                  330.517
     596                  335.745
     597                  330.270
     598                  329.199
     599                  309.785
     600                  324.381
     601                  329.900
     602                  315.493
     603                  325.639
     604                  329.177
     605                  340.133
     606                  345.993
     607                  345.712
     608                  337.000
     609                  328.696
     610                  329.268
     611                  325.422
     612                  335.758
     613                  336.192
     614                  340.385
     615                  324.119
     616                  312.376
     617                  342.667
     618                  334.038
     619                  321.876
     620                  333.794
     621                  345.780
     622                  336.322
     623                  317.729
     624                  317.167
     625                  305.111
     626                  324.751
     627                  327.201
     628                  309.612
     629                  311.761
     630                  332.101
     631                  342.089
     632                  337.799
     633                  352.326
     634                  352.434
     635                  321.724
     636                  333.322
     637                  343.486
     638                  324.965
     639                  321.950
     640                  322.360
     641                  349.841
     642                  332.026
     643                  333.567
     644                  306.169
     645                  319.478
     646                  340.226
     647                  329.113
     648                  339.746
     649                  325.334
     650                  317.582
     651                  299.309
     652                  309.754
     653                  328.176
     654                  344.308
     655                  353.983
     656                  331.688
     657                  331.959
     658                  319.327
     659                  320.982
     660                  319.084
     661                  325.831
     662                  327.713
     663                  314.471
     664                  325.079
     665                  331.766
     666                  348.579
     667                  340.022
     668                  319.229
     669                  334.197
     670                  325.151
     671                  330.470
     672                  309.321
     673                  305.003
     674                  295.536
     675                  324.331
     676                  334.948
     677                  340.741
     678                  349.045
     679                  343.372
     680                  341.734
     681                  316.294
     682                  312.275
     683                  331.501
     684                  331.618
     685                  326.815
     686                  322.720
     687                  323.252
     688                  324.954
     689                  344.324
     690                  359.187
     691                  341.671
     692                  327.701
     693                  334.375
     694                  306.362
     695                  317.938
     696                  335.870
     697                  317.076
     698                  330.372
     699                  322.368
     700                  332.809
     701                  321.461
     702                  333.714
     703                  324.429
     704                  339.071
     705                  324.961
     706                  331.359
     707                  338.869
     708                  306.842
     709                  301.355
     710                  294.021
     711                  295.829
     712                  318.003
     713                  299.326
     714                  334.085
     715                  304.466
     716                  346.594
     717                  324.356
     718                  329.048
     719                  317.915
     720                  302.322
     721                  314.646
     722                  317.449
     723                  312.010
     724                  333.049
     725                  322.612
     726                  329.447
     727                  322.018
     728                  308.946
     729                  313.901
     730                  328.100
     731                  337.119
     732                  337.299
     733                  320.655
     734                  322.808
     735                  315.115
     736                  310.156
     737                  321.407
     738                  334.217
     739                  306.312
     740                  327.694
     741                  344.187
     742                  339.889
     743                  334.953
     744                  329.060
     745                  316.691
     746                  320.165
     747                  308.877
     748                  318.088
     749                  317.074
     750                  335.217
     751                  335.300
     752                  319.446
     753                  337.823
     754                  351.839
     755                  350.315
     756                  339.927
     757                  337.978
     758                  327.680
     759                  330.302
     760                  322.779
     761                  326.453
     762                  342.824
     763                  329.688
     764                  345.921
     765                  334.509
     766                  307.872
     767                  317.880
     768                  319.244
     769                  324.975
     770                  322.142
     771                  319.843
     772                  328.156
     773                  313.806
     774                  305.355
     775                  320.521
     776                  324.458
     777                  292.546
     778                  310.198
     779                  321.904
     780                  295.863
     781                  314.557
     782                  309.975
     783                  293.004
     784                  310.406
     785                  322.347
     786                  334.056
     787                  335.348
     788                  325.007
     789                  315.905
     790                  329.924
     791                  317.052
     792                  300.330
     793                  327.627
     794                  310.697
     795                  325.349
     796                  331.031
     797                  345.169
     798                  307.207
     799                  334.941
     800                  336.531
     801                  340.938
     802                  333.918
     803                  336.798
     804                  335.664
     805                  341.571
     806                  342.066
     807                  313.090
     808                  315.550
     809                  328.639
     810                  334.176
     811                  341.067
     812                  330.723
     813                  346.568
     814                  342.755
     815                  343.512
     816                  350.179
     817                  320.072
     818                  339.522
     819                  333.843
     820                  309.560
     821                  332.435
     822                  317.927
     823                  313.485
     824                  299.837
     825                  316.891
     826                  325.009
     827                  339.145
     828                  351.060
     829                  328.377
     830                  326.117
     831                  343.413
     832                  317.930
     833                  311.638
     834                  308.583
     835                  332.690
     836                  316.358
     837                  324.572
     838                  312.065
     839                  321.435
     840                  302.791
     841                  303.845
     842                  312.489
     843                  318.557
     844                  338.857
     845                  316.495
     846                  328.823
     847                  338.557
     848                  342.325
     849                  337.149
     850                  336.437
     851                  335.596
     852                  323.854
     853                  327.125
     854                  329.312
     855                  308.045
     856                  335.369
     857                  318.080
     858                  313.461
     859                  320.035
     860                  317.129
     861                  321.254
     862                  313.861
     863                  329.273
     864                  345.915
     865                  352.334
     866                  315.239
     867                  341.330
     868                  330.261
     869                  312.454
     870                  313.110
     871                  327.117
     872                  312.414
     873                  308.491
     874                  317.215
     875                  334.582
     876                  324.666
     877                  311.436
     878                  310.899
     879                  319.564
     880                  310.685
     881                  312.098
     882                  314.522
     883                  319.534
     884                  349.084
     885                  342.911
     886                  339.811
     887                  330.837
     888                  366.339
     889                  350.400
     890                  316.591
     891                  318.633
     892                  322.392
     893                  316.881
     894                  330.129
     895                  331.176
     896                  317.899
     897                  322.836
     898                  331.685
     899                  316.498
     900                  314.373
     901                  320.035
     902                  323.520
     903                  325.111
     904                  321.264
     905                  311.037
     906                  311.895
     907                  300.432
     908                  321.812
     909                  312.769
     910                  317.533
     911                  314.540
     912                  322.385
     913                  328.089
     914                  336.820
     915                  344.163
     916                  331.163
     917                  329.572
     918                  324.597
     919                  327.529
     920                  339.859
     921                  337.358
     922                  299.469
     923                  300.978
     924                  303.863
     925                  305.954
     926                  322.692
     927                  307.042
     928                  318.749
     929                  324.407
     930                  336.819
     931                  325.314
     932                  314.146
     933                  335.163
     934                  328.967
     935                  323.369
     936                  322.079
     937                  315.746
     938                  323.417
     939                  320.548
     940                  313.629
     941                  341.898
     942                  329.063
     943                  318.221
     944                  306.831
     945                  314.573
     946                  318.547
     947                  337.500
     948                  327.497
     949                  326.619
     950                  309.762
     951                  331.623
     952                  346.089
     953                  344.890
     954                  359.690
     955                  331.027
     956                  335.614
     957                  337.986
     958                  340.975
     959                  320.631
     960                  326.882
     961                  323.439
     962                  318.137
     963                  360.178
     964                  337.277
     965                  353.121
     966                  337.465
     967                  311.996
     968                  308.402
     969                  306.943
     970                  318.807
     971                  344.741
     972                  331.686
     973                  326.631
     974                  331.503
     975                  338.059
     976                  320.089
     977                  345.509
     978                  343.922
     979                  309.610
     980                  334.756
     981                  357.251
     982                  323.431
     983                  316.103
     984                  300.487
     985                  310.784
     986                  305.954
     987                  299.195
     988                  299.791
     989                  311.826
     990                  300.573
     991                  295.876
     992                  329.004
     993                  319.691
     994                  329.489
     995                  317.314
     996                  311.145
     997                  322.840
     998                  325.555
     999                  312.897
